<?xml version="1.0" encoding="UTF-8"?>
<testsuite xmlns:xsi="http://www.w3.org/2001/XMLSchema-instance" xsi:noNamespaceSchemaLocation="https://maven.apache.org/surefire/maven-surefire-plugin/xsd/surefire-test-report.xsd" name="MetaModelService_IntegTest" time="3.166" tests="2" errors="0" skipped="2" failures="0">
  <properties>
    <property name="sun.desktop" value="windows"/>
    <property name="awt.toolkit" value="sun.awt.windows.WToolkit"/>
    <property name="file.encoding.pkg" value="sun.io"/>
    <property name="java.specification.version" value="1.8"/>
    <property name="sun.cpu.isalist" value="amd64"/>
    <property name="sun.jnu.encoding" value="Cp1252"/>
    <property name="java.class.path" value="C:\mvn\headlesstesting\application\target\test-classes;C:\mvn\headlesstesting\application\target\classes;C:\mvn\headlesstesting\module-simple\target\headlesstesting-module-simple-2.0-SNAPSHOT.jar;C:\Users\bkalbfus\.m2\repository\org\apache\isis\core\isis-core-applib\2.0.0-M2\isis-core-applib-2.0.0-M2.jar;C:\Users\bkalbfus\.m2\repository\org\apache\isis\core\isis-core-commons\2.0.0-M2\isis-core-commons-2.0.0-M2.jar;C:\Users\bkalbfus\.m2\repository\javax\javaee-api\7.0\javaee-api-7.0.jar;C:\Users\bkalbfus\.m2\repository\com\sun\mail\javax.mail\1.5.0\javax.mail-1.5.0.jar;C:\Users\bkalbfus\.m2\repository\javax\activation\activation\1.1\activation-1.1.jar;C:\Users\bkalbfus\.m2\repository\com\google\code\findbugs\annotations\2.0.1\annotations-2.0.1.jar;C:\Users\bkalbfus\.m2\repository\org\apache\isis\core\isis-core-schema\2.0.0-M2\isis-core-schema-2.0.0-M2.jar;C:\Users\bkalbfus\.m2\repository\joda-time\joda-time\2.9.4\joda-time-2.9.4.jar;C:\Users\bkalbfus\.m2\repository\org\apache\isis\core\isis-core-plugins-eventbus-axon\2.0.0-M2\isis-core-plugins-eventbus-axon-2.0.0-M2.jar;C:\Users\bkalbfus\.m2\repository\org\axonframework\axon-core\3.4\axon-core-3.4-ee-compat.jar;C:\Users\bkalbfus\.m2\repository\com\thoughtworks\xstream\xstream\1.4.10\xstream-1.4.10.jar;C:\Users\bkalbfus\.m2\repository\xpp3\xpp3\1.1.4c\xpp3-1.1.4c.jar;C:\Users\bkalbfus\.m2\repository\org\apache\isis\core\isis-core-runtime\2.0.0-M2\isis-core-runtime-2.0.0-M2.jar;C:\Users\bkalbfus\.m2\repository\org\apache\isis\core\isis-core-log4j\2.0.0-M2\isis-core-log4j-2.0.0-M2.jar;C:\Users\bkalbfus\.m2\repository\org\apache\isis\core\isis-core-metamodel\2.0.0-M2\isis-core-metamodel-2.0.0-M2.jar;C:\Users\bkalbfus\.m2\repository\io\swagger\swagger-core\1.5.21\swagger-core-1.5.21.jar;C:\Users\bkalbfus\.m2\repository\com\fasterxml\jackson\dataformat\jackson-dataformat-yaml\2.9.5\jackson-dataformat-yaml-2.9.5.jar;C:\Users\bkalbfus\.m2\repository\org\yaml\snakeyaml\1.18\snakeyaml-1.18.jar;C:\Users\bkalbfus\.m2\repository\io\swagger\swagger-models\1.5.21\swagger-models-1.5.21.jar;C:\Users\bkalbfus\.m2\repository\io\swagger\swagger-annotations\1.5.21\swagger-annotations-1.5.21.jar;C:\Users\bkalbfus\.m2\repository\org\slf4j\slf4j-log4j12\1.7.21\slf4j-log4j12-1.7.21.jar;C:\Users\bkalbfus\.m2\repository\org\apache\commons\commons-email\1.4\commons-email-1.4.jar;C:\Users\bkalbfus\.m2\repository\org\apache\isis\core\isis-core-plugins-codegen-bytebuddy\2.0.0-M2\isis-core-plugins-codegen-bytebuddy-2.0.0-M2.jar;C:\Users\bkalbfus\.m2\repository\net\bytebuddy\byte-buddy\1.9.2\byte-buddy-1.9.2.jar;C:\Users\bkalbfus\.m2\repository\org\objenesis\objenesis\2.4\objenesis-2.4.jar;C:\Users\bkalbfus\.m2\repository\org\apache\isis\core\isis-core-plugins-discovery-reflections\2.0.0-M2\isis-core-plugins-discovery-reflections-2.0.0-M2.jar;C:\Users\bkalbfus\.m2\repository\com\google\guava\guava\19.0\guava-19.0.jar;C:\Users\bkalbfus\.m2\repository\org\reflections\reflections\0.9.10\reflections-0.9.10.jar;C:\Users\bkalbfus\.m2\repository\org\javassist\javassist\3.19.0-GA\javassist-3.19.0-GA.jar;C:\Users\bkalbfus\.m2\repository\org\apache\isis\core\isis-core-plugins-jdo-datanucleus-5\2.0.0-M2\isis-core-plugins-jdo-datanucleus-5-2.0.0-M2.jar;C:\Users\bkalbfus\.m2\repository\org\datanucleus\javax.jdo\3.2.0-m10\javax.jdo-3.2.0-m10.jar;C:\Users\bkalbfus\.m2\repository\javax\transaction\transaction-api\1.1\transaction-api-1.1.jar;C:\Users\bkalbfus\.m2\repository\org\datanucleus\datanucleus-core\5.2.0-m2\datanucleus-core-5.2.0-m2.jar;C:\Users\bkalbfus\.m2\repository\org\datanucleus\datanucleus-api-jdo\5.2.0-m2\datanucleus-api-jdo-5.2.0-m2.jar;C:\Users\bkalbfus\.m2\repository\org\datanucleus\datanucleus-jdo-query\5.0.8\datanucleus-jdo-query-5.0.8.jar;C:\Users\bkalbfus\.m2\repository\org\datanucleus\datanucleus-rdbms\5.2.0-m2\datanucleus-rdbms-5.2.0-m2.jar;C:\Users\bkalbfus\.m2\repository\org\datanucleus\datanucleus-jodatime\5.2.0-m1\datanucleus-jodatime-5.2.0-m1.jar;C:\Users\bkalbfus\.m2\repository\org\apache\isis\core\isis-core-plugins-jaxrs-resteasy-3\2.0.0-M2\isis-core-plugins-jaxrs-resteasy-3-2.0.0-M2.jar;C:\Users\bkalbfus\.m2\repository\org\apache\isis\core\isis-core-viewer-restfulobjects-rendering\2.0.0-M2\isis-core-viewer-restfulobjects-rendering-2.0.0-M2.jar;C:\Users\bkalbfus\.m2\repository\org\apache\isis\core\isis-core-viewer-restfulobjects-applib\2.0.0-M2\isis-core-viewer-restfulobjects-applib-2.0.0-M2.jar;C:\Users\bkalbfus\.m2\repository\org\apache\isis\core\isis-core-viewer-restfulobjects-server\2.0.0-M2\isis-core-viewer-restfulobjects-server-2.0.0-M2.jar;C:\Users\bkalbfus\.m2\repository\org\jboss\resteasy\resteasy-jaxb-provider\3.1.4.Final\resteasy-jaxb-provider-3.1.4.Final.jar;C:\Users\bkalbfus\.m2\repository\com\sun\xml\bind\jaxb-impl\2.2.7\jaxb-impl-2.2.7.jar;C:\Users\bkalbfus\.m2\repository\com\sun\xml\bind\jaxb-core\2.2.7\jaxb-core-2.2.7.jar;C:\Users\bkalbfus\.m2\repository\javax\xml\bind\jaxb-api\2.2.7\jaxb-api-2.2.7.jar;C:\Users\bkalbfus\.m2\repository\com\sun\istack\istack-commons-runtime\2.16\istack-commons-runtime-2.16.jar;C:\Users\bkalbfus\.m2\repository\com\sun\xml\fastinfoset\FastInfoset\1.2.12\FastInfoset-1.2.12.jar;C:\Users\bkalbfus\.m2\repository\javax\xml\bind\jsr173_api\1.0\jsr173_api-1.0.jar;C:\Users\bkalbfus\.m2\repository\org\jboss\logging\jboss-logging\3.3.0.Final\jboss-logging-3.3.0.Final.jar;C:\Users\bkalbfus\.m2\repository\org\jboss\resteasy\resteasy-jackson-provider\3.1.4.Final\resteasy-jackson-provider-3.1.4.Final.jar;C:\Users\bkalbfus\.m2\repository\org\codehaus\jackson\jackson-core-asl\1.9.13\jackson-core-asl-1.9.13.jar;C:\Users\bkalbfus\.m2\repository\org\codehaus\jackson\jackson-mapper-asl\1.9.13\jackson-mapper-asl-1.9.13.jar;C:\Users\bkalbfus\.m2\repository\org\codehaus\jackson\jackson-jaxrs\1.9.13\jackson-jaxrs-1.9.13.jar;C:\Users\bkalbfus\.m2\repository\org\codehaus\jackson\jackson-xc\1.9.13\jackson-xc-1.9.13.jar;C:\Users\bkalbfus\.m2\repository\org\jboss\resteasy\resteasy-jaxrs\3.1.4.Final\resteasy-jaxrs-3.1.4.Final.jar;C:\Users\bkalbfus\.m2\repository\org\jboss\spec\javax\ws\rs\jboss-jaxrs-api_2.0_spec\1.0.0.Final\jboss-jaxrs-api_2.0_spec-1.0.0.Final.jar;C:\Users\bkalbfus\.m2\repository\org\jboss\resteasy\resteasy-jaxrs-services\3.1.4.Final\resteasy-jaxrs-services-3.1.4.Final.jar;C:\Users\bkalbfus\.m2\repository\org\jboss\spec\javax\annotation\jboss-annotations-api_1.2_spec\1.0.0.Final\jboss-annotations-api_1.2_spec-1.0.0.Final.jar;C:\Users\bkalbfus\.m2\repository\org\apache\httpcomponents\httpclient\4.5.2\httpclient-4.5.2.jar;C:\Users\bkalbfus\.m2\repository\org\apache\httpcomponents\httpcore\4.4.4\httpcore-4.4.4.jar;C:\Users\bkalbfus\.m2\repository\commons-codec\commons-codec\1.10\commons-codec-1.10.jar;C:\Users\bkalbfus\.m2\repository\net\jcip\jcip-annotations\1.0\jcip-annotations-1.0.jar;C:\Users\bkalbfus\.m2\repository\commons-logging\commons-logging\1.2\commons-logging-1.2.jar;C:\Users\bkalbfus\.m2\repository\com\fasterxml\jackson\core\jackson-core\2.8.0\jackson-core-2.8.0.jar;C:\Users\bkalbfus\.m2\repository\com\fasterxml\jackson\core\jackson-databind\2.8.0\jackson-databind-2.8.0.jar;C:\Users\bkalbfus\.m2\repository\com\fasterxml\jackson\core\jackson-annotations\2.8.0\jackson-annotations-2.8.0.jar;C:\Users\bkalbfus\.m2\repository\com\fasterxml\jackson\module\jackson-module-jaxb-annotations\2.8.0\jackson-module-jaxb-annotations-2.8.0.jar;C:\mvn\headlesstesting\module-simple\target\headlesstesting-module-simple-2.0-SNAPSHOT-tests.jar;C:\Users\bkalbfus\.m2\repository\org\slf4j\slf4j-api\1.7.21\slf4j-api-1.7.21.jar;C:\Users\bkalbfus\.m2\repository\org\apache\isis\core\isis-core-unittestsupport\2.0.0-M2\isis-core-unittestsupport-2.0.0-M2.jar;C:\Users\bkalbfus\.m2\repository\org\junit\jupiter\junit-jupiter-api\5.3.1\junit-jupiter-api-5.3.1.jar;C:\Users\bkalbfus\.m2\repository\org\apiguardian\apiguardian-api\1.0.0\apiguardian-api-1.0.0.jar;C:\Users\bkalbfus\.m2\repository\org\opentest4j\opentest4j\1.1.1\opentest4j-1.1.1.jar;C:\Users\bkalbfus\.m2\repository\org\junit\platform\junit-platform-commons\1.3.1\junit-platform-commons-1.3.1.jar;C:\Users\bkalbfus\.m2\repository\org\junit\jupiter\junit-jupiter-engine\5.3.1\junit-jupiter-engine-5.3.1.jar;C:\Users\bkalbfus\.m2\repository\org\junit\platform\junit-platform-engine\1.3.1\junit-platform-engine-1.3.1.jar;C:\Users\bkalbfus\.m2\repository\org\junit\vintage\junit-vintage-engine\5.3.1\junit-vintage-engine-5.3.1.jar;C:\Users\bkalbfus\.m2\repository\org\picocontainer\picocontainer\2.15\picocontainer-2.15.jar;C:\Users\bkalbfus\.m2\repository\org\jmock\jmock\2.6.0\jmock-2.6.0.jar;C:\Users\bkalbfus\.m2\repository\org\jmock\jmock-junit4\2.6.0\jmock-junit4-2.6.0.jar;C:\Users\bkalbfus\.m2\repository\org\apache\isis\core\isis-core-integtestsupport\2.0.0-M2\isis-core-integtestsupport-2.0.0-M2.jar;C:\Users\bkalbfus\.m2\repository\org\apache\isis\core\isis-core-security\2.0.0-M2\isis-core-security-2.0.0-M2.jar;C:\Users\bkalbfus\.m2\repository\org\apache\isis\core\isis-core-config\2.0.0-M2\isis-core-config-2.0.0-M2.jar;C:\Users\bkalbfus\.m2\repository\log4j\log4j\1.2.17\log4j-1.2.17.jar;C:\Users\bkalbfus\.m2\repository\org\apache\isis\core\isis-core-specsupport\2.0.0-M2\isis-core-specsupport-2.0.0-M2.jar;C:\Users\bkalbfus\.m2\repository\info\cukes\cucumber-java\1.2.4\cucumber-java-1.2.4.jar;C:\Users\bkalbfus\.m2\repository\info\cukes\cucumber-core\1.2.4\cucumber-core-1.2.4.jar;C:\Users\bkalbfus\.m2\repository\info\cukes\cucumber-html\0.2.3\cucumber-html-0.2.3.jar;C:\Users\bkalbfus\.m2\repository\info\cukes\cucumber-jvm-deps\1.0.5\cucumber-jvm-deps-1.0.5.jar;C:\Users\bkalbfus\.m2\repository\info\cukes\gherkin\2.12.2\gherkin-2.12.2.jar;C:\Users\bkalbfus\.m2\repository\info\cukes\cucumber-junit\1.2.4\cucumber-junit-1.2.4.jar;C:\Users\bkalbfus\.m2\repository\junit\junit\4.12\junit-4.12.jar;C:\Users\bkalbfus\.m2\repository\org\hamcrest\hamcrest-library\1.3\hamcrest-library-1.3.jar;C:\Users\bkalbfus\.m2\repository\org\hamcrest\hamcrest-core\1.3\hamcrest-core-1.3.jar;C:\Users\bkalbfus\.m2\repository\org\assertj\assertj-core\3.11.1\assertj-core-3.11.1.jar;C:\Users\bkalbfus\.m2\repository\com\approvaltests\approvaltests\2.0.0\approvaltests-2.0.0.jar;C:\Users\bkalbfus\.m2\repository\com\approvaltests\approvaltests-util\2.0.0\approvaltests-util-2.0.0.jar;C:\Users\bkalbfus\.m2\repository\org\hsqldb\hsqldb\2.4.1\hsqldb-2.4.1.jar;C:\Users\bkalbfus\.m2\repository\org\projectlombok\lombok\1.18.2\lombok-1.18.2.jar;"/>
    <property name="isis.integTest.module" value=""/>
    <property name="java.vm.vendor" value="Oracle Corporation"/>
    <property name="sun.arch.data.model" value="64"/>
    <property name="user.variant" value=""/>
    <property name="java.vendor.url" value="http://java.oracle.com/"/>
    <property name="user.timezone" value="America/Anchorage"/>
    <property name="java.vm.specification.version" value="1.8"/>
    <property name="os.name" value="Windows 7"/>
    <property name="user.country" value="US"/>
    <property name="sun.java.launcher" value="SUN_STANDARD"/>
    <property name="sun.boot.library.path" value="C:\Program Files\Java\jdk1.8.0_152\jre\bin"/>
    <property name="sun.java.command" value="C:\Users\bkalbfus\AppData\Local\Temp\surefire8200181634574114294\surefirebooter4069838244677795531.jar C:\Users\bkalbfus\AppData\Local\Temp\surefire8200181634574114294 2019-02-05T09-23-36_671-jvmRun1 surefire3834947825707866338tmp surefire_21494729367755805548tmp"/>
    <property name="surefire.test.class.path" value="C:\mvn\headlesstesting\application\target\test-classes;C:\mvn\headlesstesting\application\target\classes;C:\mvn\headlesstesting\module-simple\target\headlesstesting-module-simple-2.0-SNAPSHOT.jar;C:\Users\bkalbfus\.m2\repository\org\apache\isis\core\isis-core-applib\2.0.0-M2\isis-core-applib-2.0.0-M2.jar;C:\Users\bkalbfus\.m2\repository\org\apache\isis\core\isis-core-commons\2.0.0-M2\isis-core-commons-2.0.0-M2.jar;C:\Users\bkalbfus\.m2\repository\javax\javaee-api\7.0\javaee-api-7.0.jar;C:\Users\bkalbfus\.m2\repository\com\sun\mail\javax.mail\1.5.0\javax.mail-1.5.0.jar;C:\Users\bkalbfus\.m2\repository\javax\activation\activation\1.1\activation-1.1.jar;C:\Users\bkalbfus\.m2\repository\com\google\code\findbugs\annotations\2.0.1\annotations-2.0.1.jar;C:\Users\bkalbfus\.m2\repository\org\apache\isis\core\isis-core-schema\2.0.0-M2\isis-core-schema-2.0.0-M2.jar;C:\Users\bkalbfus\.m2\repository\joda-time\joda-time\2.9.4\joda-time-2.9.4.jar;C:\Users\bkalbfus\.m2\repository\org\apache\isis\core\isis-core-plugins-eventbus-axon\2.0.0-M2\isis-core-plugins-eventbus-axon-2.0.0-M2.jar;C:\Users\bkalbfus\.m2\repository\org\axonframework\axon-core\3.4\axon-core-3.4-ee-compat.jar;C:\Users\bkalbfus\.m2\repository\com\thoughtworks\xstream\xstream\1.4.10\xstream-1.4.10.jar;C:\Users\bkalbfus\.m2\repository\xpp3\xpp3\1.1.4c\xpp3-1.1.4c.jar;C:\Users\bkalbfus\.m2\repository\org\apache\isis\core\isis-core-runtime\2.0.0-M2\isis-core-runtime-2.0.0-M2.jar;C:\Users\bkalbfus\.m2\repository\org\apache\isis\core\isis-core-log4j\2.0.0-M2\isis-core-log4j-2.0.0-M2.jar;C:\Users\bkalbfus\.m2\repository\org\apache\isis\core\isis-core-metamodel\2.0.0-M2\isis-core-metamodel-2.0.0-M2.jar;C:\Users\bkalbfus\.m2\repository\io\swagger\swagger-core\1.5.21\swagger-core-1.5.21.jar;C:\Users\bkalbfus\.m2\repository\com\fasterxml\jackson\dataformat\jackson-dataformat-yaml\2.9.5\jackson-dataformat-yaml-2.9.5.jar;C:\Users\bkalbfus\.m2\repository\org\yaml\snakeyaml\1.18\snakeyaml-1.18.jar;C:\Users\bkalbfus\.m2\repository\io\swagger\swagger-models\1.5.21\swagger-models-1.5.21.jar;C:\Users\bkalbfus\.m2\repository\io\swagger\swagger-annotations\1.5.21\swagger-annotations-1.5.21.jar;C:\Users\bkalbfus\.m2\repository\org\slf4j\slf4j-log4j12\1.7.21\slf4j-log4j12-1.7.21.jar;C:\Users\bkalbfus\.m2\repository\org\apache\commons\commons-email\1.4\commons-email-1.4.jar;C:\Users\bkalbfus\.m2\repository\org\apache\isis\core\isis-core-plugins-codegen-bytebuddy\2.0.0-M2\isis-core-plugins-codegen-bytebuddy-2.0.0-M2.jar;C:\Users\bkalbfus\.m2\repository\net\bytebuddy\byte-buddy\1.9.2\byte-buddy-1.9.2.jar;C:\Users\bkalbfus\.m2\repository\org\objenesis\objenesis\2.4\objenesis-2.4.jar;C:\Users\bkalbfus\.m2\repository\org\apache\isis\core\isis-core-plugins-discovery-reflections\2.0.0-M2\isis-core-plugins-discovery-reflections-2.0.0-M2.jar;C:\Users\bkalbfus\.m2\repository\com\google\guava\guava\19.0\guava-19.0.jar;C:\Users\bkalbfus\.m2\repository\org\reflections\reflections\0.9.10\reflections-0.9.10.jar;C:\Users\bkalbfus\.m2\repository\org\javassist\javassist\3.19.0-GA\javassist-3.19.0-GA.jar;C:\Users\bkalbfus\.m2\repository\org\apache\isis\core\isis-core-plugins-jdo-datanucleus-5\2.0.0-M2\isis-core-plugins-jdo-datanucleus-5-2.0.0-M2.jar;C:\Users\bkalbfus\.m2\repository\org\datanucleus\javax.jdo\3.2.0-m10\javax.jdo-3.2.0-m10.jar;C:\Users\bkalbfus\.m2\repository\javax\transaction\transaction-api\1.1\transaction-api-1.1.jar;C:\Users\bkalbfus\.m2\repository\org\datanucleus\datanucleus-core\5.2.0-m2\datanucleus-core-5.2.0-m2.jar;C:\Users\bkalbfus\.m2\repository\org\datanucleus\datanucleus-api-jdo\5.2.0-m2\datanucleus-api-jdo-5.2.0-m2.jar;C:\Users\bkalbfus\.m2\repository\org\datanucleus\datanucleus-jdo-query\5.0.8\datanucleus-jdo-query-5.0.8.jar;C:\Users\bkalbfus\.m2\repository\org\datanucleus\datanucleus-rdbms\5.2.0-m2\datanucleus-rdbms-5.2.0-m2.jar;C:\Users\bkalbfus\.m2\repository\org\datanucleus\datanucleus-jodatime\5.2.0-m1\datanucleus-jodatime-5.2.0-m1.jar;C:\Users\bkalbfus\.m2\repository\org\apache\isis\core\isis-core-plugins-jaxrs-resteasy-3\2.0.0-M2\isis-core-plugins-jaxrs-resteasy-3-2.0.0-M2.jar;C:\Users\bkalbfus\.m2\repository\org\apache\isis\core\isis-core-viewer-restfulobjects-rendering\2.0.0-M2\isis-core-viewer-restfulobjects-rendering-2.0.0-M2.jar;C:\Users\bkalbfus\.m2\repository\org\apache\isis\core\isis-core-viewer-restfulobjects-applib\2.0.0-M2\isis-core-viewer-restfulobjects-applib-2.0.0-M2.jar;C:\Users\bkalbfus\.m2\repository\org\apache\isis\core\isis-core-viewer-restfulobjects-server\2.0.0-M2\isis-core-viewer-restfulobjects-server-2.0.0-M2.jar;C:\Users\bkalbfus\.m2\repository\org\jboss\resteasy\resteasy-jaxb-provider\3.1.4.Final\resteasy-jaxb-provider-3.1.4.Final.jar;C:\Users\bkalbfus\.m2\repository\com\sun\xml\bind\jaxb-impl\2.2.7\jaxb-impl-2.2.7.jar;C:\Users\bkalbfus\.m2\repository\com\sun\xml\bind\jaxb-core\2.2.7\jaxb-core-2.2.7.jar;C:\Users\bkalbfus\.m2\repository\javax\xml\bind\jaxb-api\2.2.7\jaxb-api-2.2.7.jar;C:\Users\bkalbfus\.m2\repository\com\sun\istack\istack-commons-runtime\2.16\istack-commons-runtime-2.16.jar;C:\Users\bkalbfus\.m2\repository\com\sun\xml\fastinfoset\FastInfoset\1.2.12\FastInfoset-1.2.12.jar;C:\Users\bkalbfus\.m2\repository\javax\xml\bind\jsr173_api\1.0\jsr173_api-1.0.jar;C:\Users\bkalbfus\.m2\repository\org\jboss\logging\jboss-logging\3.3.0.Final\jboss-logging-3.3.0.Final.jar;C:\Users\bkalbfus\.m2\repository\org\jboss\resteasy\resteasy-jackson-provider\3.1.4.Final\resteasy-jackson-provider-3.1.4.Final.jar;C:\Users\bkalbfus\.m2\repository\org\codehaus\jackson\jackson-core-asl\1.9.13\jackson-core-asl-1.9.13.jar;C:\Users\bkalbfus\.m2\repository\org\codehaus\jackson\jackson-mapper-asl\1.9.13\jackson-mapper-asl-1.9.13.jar;C:\Users\bkalbfus\.m2\repository\org\codehaus\jackson\jackson-jaxrs\1.9.13\jackson-jaxrs-1.9.13.jar;C:\Users\bkalbfus\.m2\repository\org\codehaus\jackson\jackson-xc\1.9.13\jackson-xc-1.9.13.jar;C:\Users\bkalbfus\.m2\repository\org\jboss\resteasy\resteasy-jaxrs\3.1.4.Final\resteasy-jaxrs-3.1.4.Final.jar;C:\Users\bkalbfus\.m2\repository\org\jboss\spec\javax\ws\rs\jboss-jaxrs-api_2.0_spec\1.0.0.Final\jboss-jaxrs-api_2.0_spec-1.0.0.Final.jar;C:\Users\bkalbfus\.m2\repository\org\jboss\resteasy\resteasy-jaxrs-services\3.1.4.Final\resteasy-jaxrs-services-3.1.4.Final.jar;C:\Users\bkalbfus\.m2\repository\org\jboss\spec\javax\annotation\jboss-annotations-api_1.2_spec\1.0.0.Final\jboss-annotations-api_1.2_spec-1.0.0.Final.jar;C:\Users\bkalbfus\.m2\repository\org\apache\httpcomponents\httpclient\4.5.2\httpclient-4.5.2.jar;C:\Users\bkalbfus\.m2\repository\org\apache\httpcomponents\httpcore\4.4.4\httpcore-4.4.4.jar;C:\Users\bkalbfus\.m2\repository\commons-codec\commons-codec\1.10\commons-codec-1.10.jar;C:\Users\bkalbfus\.m2\repository\net\jcip\jcip-annotations\1.0\jcip-annotations-1.0.jar;C:\Users\bkalbfus\.m2\repository\commons-logging\commons-logging\1.2\commons-logging-1.2.jar;C:\Users\bkalbfus\.m2\repository\com\fasterxml\jackson\core\jackson-core\2.8.0\jackson-core-2.8.0.jar;C:\Users\bkalbfus\.m2\repository\com\fasterxml\jackson\core\jackson-databind\2.8.0\jackson-databind-2.8.0.jar;C:\Users\bkalbfus\.m2\repository\com\fasterxml\jackson\core\jackson-annotations\2.8.0\jackson-annotations-2.8.0.jar;C:\Users\bkalbfus\.m2\repository\com\fasterxml\jackson\module\jackson-module-jaxb-annotations\2.8.0\jackson-module-jaxb-annotations-2.8.0.jar;C:\mvn\headlesstesting\module-simple\target\headlesstesting-module-simple-2.0-SNAPSHOT-tests.jar;C:\Users\bkalbfus\.m2\repository\org\slf4j\slf4j-api\1.7.21\slf4j-api-1.7.21.jar;C:\Users\bkalbfus\.m2\repository\org\apache\isis\core\isis-core-unittestsupport\2.0.0-M2\isis-core-unittestsupport-2.0.0-M2.jar;C:\Users\bkalbfus\.m2\repository\org\junit\jupiter\junit-jupiter-api\5.3.1\junit-jupiter-api-5.3.1.jar;C:\Users\bkalbfus\.m2\repository\org\apiguardian\apiguardian-api\1.0.0\apiguardian-api-1.0.0.jar;C:\Users\bkalbfus\.m2\repository\org\opentest4j\opentest4j\1.1.1\opentest4j-1.1.1.jar;C:\Users\bkalbfus\.m2\repository\org\junit\platform\junit-platform-commons\1.3.1\junit-platform-commons-1.3.1.jar;C:\Users\bkalbfus\.m2\repository\org\junit\jupiter\junit-jupiter-engine\5.3.1\junit-jupiter-engine-5.3.1.jar;C:\Users\bkalbfus\.m2\repository\org\junit\platform\junit-platform-engine\1.3.1\junit-platform-engine-1.3.1.jar;C:\Users\bkalbfus\.m2\repository\org\junit\vintage\junit-vintage-engine\5.3.1\junit-vintage-engine-5.3.1.jar;C:\Users\bkalbfus\.m2\repository\org\picocontainer\picocontainer\2.15\picocontainer-2.15.jar;C:\Users\bkalbfus\.m2\repository\org\jmock\jmock\2.6.0\jmock-2.6.0.jar;C:\Users\bkalbfus\.m2\repository\org\jmock\jmock-junit4\2.6.0\jmock-junit4-2.6.0.jar;C:\Users\bkalbfus\.m2\repository\org\apache\isis\core\isis-core-integtestsupport\2.0.0-M2\isis-core-integtestsupport-2.0.0-M2.jar;C:\Users\bkalbfus\.m2\repository\org\apache\isis\core\isis-core-security\2.0.0-M2\isis-core-security-2.0.0-M2.jar;C:\Users\bkalbfus\.m2\repository\org\apache\isis\core\isis-core-config\2.0.0-M2\isis-core-config-2.0.0-M2.jar;C:\Users\bkalbfus\.m2\repository\log4j\log4j\1.2.17\log4j-1.2.17.jar;C:\Users\bkalbfus\.m2\repository\org\apache\isis\core\isis-core-specsupport\2.0.0-M2\isis-core-specsupport-2.0.0-M2.jar;C:\Users\bkalbfus\.m2\repository\info\cukes\cucumber-java\1.2.4\cucumber-java-1.2.4.jar;C:\Users\bkalbfus\.m2\repository\info\cukes\cucumber-core\1.2.4\cucumber-core-1.2.4.jar;C:\Users\bkalbfus\.m2\repository\info\cukes\cucumber-html\0.2.3\cucumber-html-0.2.3.jar;C:\Users\bkalbfus\.m2\repository\info\cukes\cucumber-jvm-deps\1.0.5\cucumber-jvm-deps-1.0.5.jar;C:\Users\bkalbfus\.m2\repository\info\cukes\gherkin\2.12.2\gherkin-2.12.2.jar;C:\Users\bkalbfus\.m2\repository\info\cukes\cucumber-junit\1.2.4\cucumber-junit-1.2.4.jar;C:\Users\bkalbfus\.m2\repository\junit\junit\4.12\junit-4.12.jar;C:\Users\bkalbfus\.m2\repository\org\hamcrest\hamcrest-library\1.3\hamcrest-library-1.3.jar;C:\Users\bkalbfus\.m2\repository\org\hamcrest\hamcrest-core\1.3\hamcrest-core-1.3.jar;C:\Users\bkalbfus\.m2\repository\org\assertj\assertj-core\3.11.1\assertj-core-3.11.1.jar;C:\Users\bkalbfus\.m2\repository\com\approvaltests\approvaltests\2.0.0\approvaltests-2.0.0.jar;C:\Users\bkalbfus\.m2\repository\com\approvaltests\approvaltests-util\2.0.0\approvaltests-util-2.0.0.jar;C:\Users\bkalbfus\.m2\repository\org\hsqldb\hsqldb\2.4.1\hsqldb-2.4.1.jar;C:\Users\bkalbfus\.m2\repository\org\projectlombok\lombok\1.18.2\lombok-1.18.2.jar;"/>
    <property name="sun.cpu.endian" value="little"/>
    <property name="user.home" value="C:\Users\bkalbfus"/>
    <property name="user.language" value="en"/>
    <property name="java.specification.vendor" value="Oracle Corporation"/>
    <property name="java.home" value="C:\Program Files\Java\jdk1.8.0_152\jre"/>
    <property name="basedir" value="C:\mvn\headlesstesting\application"/>
    <property name="file.separator" value="\"/>
    <property name="line.separator" value="&#10;"/>
    <property name="java.vm.specification.vendor" value="Oracle Corporation"/>
    <property name="java.specification.name" value="Java Platform API Specification"/>
    <property name="java.awt.graphicsenv" value="sun.awt.Win32GraphicsEnvironment"/>
    <property name="surefire.real.class.path" value="C:\Users\bkalbfus\AppData\Local\Temp\surefire8200181634574114294\surefirebooter4069838244677795531.jar"/>
    <property name="sun.boot.class.path" value="C:\Program Files\Java\jdk1.8.0_152\jre\lib\resources.jar;C:\Program Files\Java\jdk1.8.0_152\jre\lib\rt.jar;C:\Program Files\Java\jdk1.8.0_152\jre\lib\sunrsasign.jar;C:\Program Files\Java\jdk1.8.0_152\jre\lib\jsse.jar;C:\Program Files\Java\jdk1.8.0_152\jre\lib\jce.jar;C:\Program Files\Java\jdk1.8.0_152\jre\lib\charsets.jar;C:\Program Files\Java\jdk1.8.0_152\jre\lib\jfr.jar;C:\Program Files\Java\jdk1.8.0_152\jre\classes"/>
    <property name="user.script" value=""/>
    <property name="sun.management.compiler" value="HotSpot 64-Bit Tiered Compilers"/>
    <property name="java.runtime.version" value="1.8.0_152-b16"/>
    <property name="user.name" value="bkalbfus"/>
    <property name="path.separator" value=";"/>
    <property name="os.version" value="6.1"/>
    <property name="java.endorsed.dirs" value="C:\Program Files\Java\jdk1.8.0_152\jre\lib\endorsed"/>
    <property name="java.runtime.name" value="Java(TM) SE Runtime Environment"/>
    <property name="file.encoding" value="Cp1252"/>
    <property name="java.vm.name" value="Java HotSpot(TM) 64-Bit Server VM"/>
    <property name="localRepository" value="C:\Users\bkalbfus\.m2\repository"/>
    <property name="java.vendor.url.bug" value="http://bugreport.sun.com/bugreport/"/>
    <property name="java.io.tmpdir" value="C:\Users\bkalbfus\AppData\Local\Temp\"/>
    <property name="java.version" value="1.8.0_152"/>
    <property name="user.dir" value="C:\mvn\headlesstesting\application"/>
    <property name="os.arch" value="amd64"/>
    <property name="java.vm.specification.name" value="Java Virtual Machine Specification"/>
    <property name="java.awt.printerjob" value="sun.awt.windows.WPrinterJob"/>
    <property name="sun.os.patch.level" value="Service Pack 1"/>
    <property name="java.library.path" value="C:\Program Files\Java\jdk1.8.0_152\jre\bin;C:\windows\Sun\Java\bin;C:\windows\system32;C:\windows;C:/Program Files/Java/jdk1.8.0_152/jre/bin/server;C:/Program Files/Java/jdk1.8.0_152/jre/bin;C:/Program Files/Java/jdk1.8.0_152/jre/lib/amd64;C:\Program Files (x86)\Common Files\Oracle\Java\javapath;C:\ProgramData\Oracle\Java\javapath;C:\windows\system32;C:\windows;C:\windows\System32\Wbem;C:\windows\System32\WindowsPowerShell\v1.0\;C:\ProgramData\chocolatey\bin;C:\Program Files\TortoiseSVN\bin;C:\Program Files (x86)\Microsoft SQL Server\Client SDK\ODBC\130\Tools\Binn\;C:\Program Files (x86)\Microsoft SQL Server\140\Tools\Binn\;C:\Program Files (x86)\Microsoft SQL Server\140\DTS\Binn\;C:\Program Files (x86)\Microsoft SQL Server\140\Tools\Binn\ManagementStudio\;C:\Program Files\Java\jdk1.8.0_152\bin;C:\Program Files\Git\cmd;C:\Program Files\dotnet\;C:\PostgreSQL\pg10\bin;h:\cygwin64\bin;C:\Users\bkalbfus\AppData\Local\.meteor;;C:\Program Files\Docker Toolbox;C:\Program Files\Oracle\VirtualBox;;C:\Program Files\Docker Toolbox;C:\Users\bkalbfus\eclipse\jee-photon\eclipse;;."/>
    <property name="java.vm.info" value="mixed mode"/>
    <property name="java.vendor" value="Oracle Corporation"/>
    <property name="java.vm.version" value="25.152-b16"/>
    <property name="java.ext.dirs" value="C:\Program Files\Java\jdk1.8.0_152\jre\lib\ext;C:\windows\Sun\Java\lib\ext"/>
    <property name="sun.io.unicode.encoding" value="UnicodeLittle"/>
    <property name="java.class.version" value="52.0"/>
  </properties>
  <testcase name="_2_verify" classname="domainapp.application.integtests.mml.MetaModelService_IntegTest" time="0">
    <skipped message="got: null, expected: is not null" type="org.junit.AssumptionViolatedException">org.junit.AssumptionViolatedException: got: null, expected: is not null
	at domainapp.application.integtests.mml.MetaModelService_IntegTest._2_verify(MetaModelService_IntegTest.java:96)
</skipped>
    <system-out><![CDATA[09:23:50,892  [HeadlessWithBootstrappingAbstract main       INFO ]  isis.integTest.module = 
09:23:50,935  [IsisConfiguration    main       INFO ]  === BUILT/DONE ===
09:23:50,936  [ModulePackageHelper  main       INFO ]  Discover the application's domain and register all types using manifest 'org.apache.isis.config.builder.IsisConfigurationBuilderDefault$1' ...
09:23:51,187  [Reflections          main       INFO ]  Reflections took 216 ms to scan 12 urls, producing 318 keys and 1043 values 
09:23:51,327  [ServicesInstallerFromConfigurationAndAnnotation main       INFO ]  installing org.apache.isis.core.runtime.services.ServicesInstallerFromConfigurationAndAnnotation
09:23:51,772  [IsisSessionFactoryBuilder main       INFO ]  initialising Isis System
09:23:51,772  [IsisSessionFactoryBuilder main       INFO ]  working directory: C:\mvn\headlesstesting\application\.
09:23:51,772  [IsisSessionFactoryBuilder main       INFO ]  resource stream source: chain []
09:23:51,979  [SpecificationLoader  Thread-1   INFO ]  Loading all specs (up to state of NOT_INTROSPECTED)
09:23:52,036  [PersistenceSessionFactory5 Thread-2   INFO ]  did *not* find config properties to use JNDI datasource; will use JDBC
09:23:52,151  [SpecificationLoader  Thread-1   INFO ]  Introspecting all specs up to TYPE_INTROSPECTED
09:23:52,752  [ThreadPoolSupport    Thread-1   INFO ]  join'ing 137 tasks: waited 0.063389 milliseconds 
09:23:52,752  [SpecificationLoader  Thread-1   INFO ]  Introspecting domainService specs up to TYPE_AND_MEMBERS_INTROSPECTED
09:23:52,987  [Schema               Thread-2   DEBUG]  Adding/Dropping temporary table so we can determine the catalog/schema for this datasource. Specify "datanucleus.mapping.Catalog"/"datanucleus.mapping.Schema" to avoid this check
09:23:53,020  [Schema               Thread-2   DEBUG]  CREATE TABLE "DELETEME1549391032994"
(
    "UNUSED" INTEGER NOT NULL
)
09:23:53,021  [Schema               Thread-2   DEBUG]  SQL Execution Time = 1 ms
09:23:53,033  [Schema               Thread-2   DEBUG]  DROP TABLE "DELETEME1549391032994"
09:23:53,033  [Schema               Thread-2   DEBUG]  SQL Execution Time = 0 ms
09:23:53,090  [ThreadPoolSupport    Thread-1   INFO ]  join'ing 89 tasks: waited 0.022337 milliseconds 
09:23:53,090  [SpecificationLoader  Thread-1   INFO ]  Introspecting mixin specs up to TYPE_AND_MEMBERS_INTROSPECTED
09:23:53,099  [Schema               Thread-2   DEBUG]  Field [DATASTORE_ID] -> Column(s) ["simple"."SimpleObject"."id"] using mapping of type "org.datanucleus.store.rdbms.mapping.java.DatastoreIdMapping" (org.datanucleus.store.rdbms.mapping.column.BigIntColumnMapping)
09:23:53,102  [Schema               Thread-2   DEBUG]  Table "simple"."SimpleObject" will manage the persistence of the fields for class domainapp.modules.simple.dom.impl.SimpleObject (inheritance strategy="new-table") 
09:23:53,104  [Schema               Thread-2   DEBUG]  Field [domainapp.modules.simple.dom.impl.SimpleObject.name] -> Column(s) ["simple"."SimpleObject"."name"] using mapping of type "org.datanucleus.store.rdbms.mapping.java.StringMapping" (org.datanucleus.store.rdbms.mapping.column.VarCharColumnMapping)
09:23:53,105  [Schema               Thread-2   DEBUG]  Field [domainapp.modules.simple.dom.impl.SimpleObject.notes] -> Column(s) ["simple"."SimpleObject"."notes"] using mapping of type "org.datanucleus.store.rdbms.mapping.java.StringMapping" (org.datanucleus.store.rdbms.mapping.column.VarCharColumnMapping)
09:23:53,105  [Schema               Thread-2   DEBUG]  Field [VERSION] -> Column(s) ["simple"."SimpleObject"."version"] using mapping of type "org.datanucleus.store.rdbms.mapping.java.VersionMapping$VersionTimestampMapping" (org.datanucleus.store.rdbms.mapping.column.TimestampColumnMapping)
09:23:53,105  [Schema               Thread-2   DEBUG]  Table/View "simple"."SimpleObject" has been initialised
09:23:53,107  [Schema               Thread-2   DEBUG]  Schema Transaction STARTED with connection "org.datanucleus.store.rdbms.datasource.dbcp2.PoolingDataSource$PoolGuardConnectionWrapper@65fd82c5" with isolation "serializable"
09:23:53,110  [Schema               Thread-2   DEBUG]  Check of existence of "simple"."SimpleObject" returned no table
09:23:53,111  [Schema               Thread-2   DEBUG]  CREATE TABLE "simple"."SimpleObject"
(
    "id" BIGINT GENERATED BY DEFAULT AS IDENTITY,
    "name" VARCHAR(40) NOT NULL,
    "notes" VARCHAR(4000) NULL,
    "version" TIMESTAMP NOT NULL,
    CONSTRAINT "SimpleObject_PK" PRIMARY KEY ("id")
)
09:23:53,112  [Schema               Thread-2   DEBUG]  SQL Execution Time = 1 ms
09:23:53,117  [Schema               Thread-2   DEBUG]  Loading column info for table(s) "SimpleObject" in Catalog "", Schema "simple"
09:23:53,121  [ThreadPoolSupport    Thread-1   INFO ]  join'ing 11 tasks: waited 0.004226 milliseconds 
09:23:53,121  [SpecificationLoader  Thread-1   INFO ]  Introspecting all cached specs up to TYPE_AND_MEMBERS_INTROSPECTED
09:23:53,145  [Schema               Thread-2   DEBUG]  Column info loaded for Catalog "", Schema "simple", 1 tables, time = 28 ms
09:23:53,146  [Schema               Thread-2   DEBUG]  Column info retrieved for table "SimpleObject" : 4 columns found
09:23:53,148  [Schema               Thread-2   DEBUG]  ALTER TABLE "simple"."SimpleObject" ADD CONSTRAINT "SimpleObject_name_UNQ" UNIQUE ("name")
09:23:53,150  [Schema               Thread-2   DEBUG]  SQL Execution Time = 2 ms
09:23:53,151  [Schema               Thread-2   DEBUG]  Schema Transaction COMMITTING with connection "org.datanucleus.store.rdbms.datasource.dbcp2.PoolingDataSource$PoolGuardConnectionWrapper@65fd82c5"
09:23:53,151  [Schema               Thread-2   DEBUG]  Schema Transaction CLOSED with connection "org.datanucleus.store.rdbms.datasource.dbcp2.PoolingDataSource$PoolGuardConnectionWrapper@65fd82c5"
09:23:53,192  [ThreadPoolSupport    Thread-1   INFO ]  join'ing 189 tasks: waited 0.02777 milliseconds 
09:23:53,192  [SpecificationLoader  Thread-1   INFO ]  init() - done
09:23:53,193  [ThreadPoolSupport    main       INFO ]  join'ing 5 tasks: waited 0.003623 milliseconds 
09:23:53,200  [PersistenceSessionFactory5 main       INFO ]  did *not* find config properties to use JNDI datasource; will use JDBC
09:23:53,236  [Schema               main       DEBUG]  Adding/Dropping temporary table so we can determine the catalog/schema for this datasource. Specify "datanucleus.mapping.Catalog"/"datanucleus.mapping.Schema" to avoid this check
09:23:53,237  [Schema               main       DEBUG]  CREATE TABLE "DELETEME1549391033236"
(
    "UNUSED" INTEGER NOT NULL
)
09:23:53,237  [Schema               main       DEBUG]  SQL Execution Time = 0 ms
09:23:53,238  [Schema               main       DEBUG]  DROP TABLE "DELETEME1549391033236"
09:23:53,239  [Schema               main       DEBUG]  SQL Execution Time = 0 ms
09:23:53,247  [Schema               main       DEBUG]  Field [DATASTORE_ID] -> Column(s) ["simple"."SimpleObject"."id"] using mapping of type "org.datanucleus.store.rdbms.mapping.java.DatastoreIdMapping" (org.datanucleus.store.rdbms.mapping.column.BigIntColumnMapping)
09:23:53,248  [Schema               main       DEBUG]  Table "simple"."SimpleObject" will manage the persistence of the fields for class domainapp.modules.simple.dom.impl.SimpleObject (inheritance strategy="new-table") 
09:23:53,248  [Schema               main       DEBUG]  Field [domainapp.modules.simple.dom.impl.SimpleObject.name] -> Column(s) ["simple"."SimpleObject"."name"] using mapping of type "org.datanucleus.store.rdbms.mapping.java.StringMapping" (org.datanucleus.store.rdbms.mapping.column.VarCharColumnMapping)
09:23:53,248  [Schema               main       DEBUG]  Field [domainapp.modules.simple.dom.impl.SimpleObject.notes] -> Column(s) ["simple"."SimpleObject"."notes"] using mapping of type "org.datanucleus.store.rdbms.mapping.java.StringMapping" (org.datanucleus.store.rdbms.mapping.column.VarCharColumnMapping)
09:23:53,248  [Schema               main       DEBUG]  Field [VERSION] -> Column(s) ["simple"."SimpleObject"."version"] using mapping of type "org.datanucleus.store.rdbms.mapping.java.VersionMapping$VersionTimestampMapping" (org.datanucleus.store.rdbms.mapping.column.TimestampColumnMapping)
09:23:53,248  [Schema               main       DEBUG]  Table/View "simple"."SimpleObject" has been initialised
09:23:53,248  [Schema               main       DEBUG]  Schema Transaction STARTED with connection "org.datanucleus.store.rdbms.datasource.dbcp2.PoolingDataSource$PoolGuardConnectionWrapper@8ed9cf" with isolation "serializable"
09:23:53,249  [Schema               main       DEBUG]  Check of existence of "simple"."SimpleObject" returned table type of TABLE
09:23:53,250  [Schema               main       DEBUG]  Loading column info for table(s) "SimpleObject" in Catalog "", Schema "simple"
09:23:53,269  [Schema               main       DEBUG]  Column info loaded for Catalog "", Schema "simple", 1 tables, time = 19 ms
09:23:53,269  [Schema               main       DEBUG]  Column info retrieved for table "SimpleObject" : 4 columns found
09:23:53,272  [Schema               main       DEBUG]  Validating 2 unique key(s) for table "simple"."SimpleObject"
09:23:53,274  [Schema               main       DEBUG]  Validating 0 foreign key(s) for table "simple"."SimpleObject"
09:23:53,275  [Schema               main       DEBUG]  Validating 2 index(es) for table "simple"."SimpleObject"
09:23:53,275  [Schema               main       DEBUG]  Schema Transaction COMMITTING with connection "org.datanucleus.store.rdbms.datasource.dbcp2.PoolingDataSource$PoolGuardConnectionWrapper@8ed9cf"
09:23:53,276  [Schema               main       DEBUG]  Schema Transaction CLOSED with connection "org.datanucleus.store.rdbms.datasource.dbcp2.PoolingDataSource$PoolGuardConnectionWrapper@8ed9cf"
09:23:53,371  [ServiceInitializer   main       INFO ]  calling @PostConstruct on all domain services
09:23:53,518  [EmailServiceDefault  main       WARN ]  NOT configured
09:23:53,689  [IsisSystemBootstrapper main       INFO ]  ##########################################################################
09:23:53,690  [IsisSystemBootstrapper main       INFO ]  # Bootstrapped in 2376 millis
09:23:53,690  [IsisSystemBootstrapper main       INFO ]  ##########################################################################
                                                            : EXEC org.apache.isis.applib.AppManifestAbstract2$1
09:23:53,706  [HeadlessWithBootstrappingAbstract main       INFO ]  ### TEST: domainapp.application.integtests.mml.MetaModelService_IntegTest
                                                            : EXEC org.apache.isis.applib.AppManifestAbstract2$2
/                                                           : EXEC domainapp.modules.simple.SimpleModule$1
]]></system-out>
  </testcase>
  <testcase name="_1_learn" classname="domainapp.application.integtests.mml.MetaModelService_IntegTest" time="0">
    <skipped message="got: null, expected: is not null" type="org.junit.AssumptionViolatedException">org.junit.AssumptionViolatedException: got: null, expected: is not null
	at domainapp.application.integtests.mml.MetaModelService_IntegTest._1_learn(MetaModelService_IntegTest.java:62)
</skipped>
    <system-out><![CDATA[09:23:53,739  [HeadlessWithBootstrappingAbstract main       INFO ]  isis.integTest.module = 
09:23:53,740  [IsisConfiguration    main       INFO ]  === BUILT/DONE ===
09:23:53,740  [ModulePackageHelper  main       INFO ]  Discover the application's domain and register all types using manifest 'org.apache.isis.config.builder.IsisConfigurationBuilderDefault$1' ...
09:23:53,858  [Reflections          main       INFO ]  Reflections took 113 ms to scan 12 urls, producing 318 keys and 1043 values 
                                                            : EXEC org.apache.isis.applib.AppManifestAbstract2$1
09:23:53,864  [HeadlessWithBootstrappingAbstract main       INFO ]  ### TEST: domainapp.application.integtests.mml.MetaModelService_IntegTest
                                                            : EXEC org.apache.isis.applib.AppManifestAbstract2$2
/                                                           : EXEC domainapp.modules.simple.SimpleModule$1
]]></system-out>
  </testcase>
</testsuite>